<?xml version="1.0" encoding="UTF-8"?>
<testsuite name="jqGridSpring.com.mobile.BasicHttpClientConnection" tests="3" skipped="0" failures="0" errors="0" timestamp="2016-04-27T09:36:24" hostname="SOTHEARETH" time="1.881">
  <properties/>
  <testcase name="testBasicHttpClientConnection" classname="jqGridSpring.com.mobile.BasicHttpClientConnection" time="0.438"/>
  <testcase name="test1" classname="jqGridSpring.com.mobile.BasicHttpClientConnection" time="0.805"/>
  <testcase name="testPoolingHttpClientConnectionManager" classname="jqGridSpring.com.mobile.BasicHttpClientConnection" time="0.638"/>
  <system-out><![CDATA[]]></system-out>
  <system-err><![CDATA[]]></system-err>
</testsuite>
